{"name": "test1_order_history_title", "status": "failed", "statusDetails": {"message": "AssertionError: assert 'Account Login' == 'Order History'\n  \n  - Order History\n  + Account Login", "trace": "setup_teardown = None\n\n    def test1_order_history_title(setup_teardown):\n      driver.find_element(By.PARTIAL_LINK_TEXT,\n        \"Order\").click()\n>     assert driver.title == \"Order History\"\nE     AssertionError: assert 'Account Login' == 'Order History'\nE       \nE       - Order History\nE       + Account Login\n\nDemoPytest\\test_fixtures_1.py:29: AssertionError"}, "attachments": [{"name": "stdout", "source": "262cb90d-55fe-47eb-9492-4bce0c99eb0a-attachment.txt", "type": "text/plain"}], "start": 1710443327716, "stop": 1710443328588, "uuid": "5b240554-fe3c-472b-95aa-9742d48033cc", "historyId": "a1a892b62b06316176697393f7ba694a", "testCaseId": "a1a892b62b06316176697393f7ba694a", "fullName": "DemoPytest.test_fixtures_1#test1_order_history_title", "labels": [{"name": "parentSuite", "value": "DemoPytest"}, {"name": "suite", "value": "test_fixtures_1"}, {"name": "host", "value": "LAPTOP-U9R56RQR"}, {"name": "thread", "value": "26916-MainThread"}, {"name": "framework", "value": "pytest"}, {"name": "language", "value": "cpython3"}, {"name": "package", "value": "DemoPytest.test_fixtures_1"}]}