{"name": "test1_order_history_title", "status": "failed", "statusDetails": {"message": "AssertionError: assert 'Account Login' == 'Order History'\n  \n  - Order History\n  + Account Login", "trace": "setup_teardown = None\n\n    def test1_order_history_title(setup_teardown):\n      driver.find_element(By.PARTIAL_LINK_TEXT,\n        \"Order\").click()\n>     assert driver.title == \"Order History\"\nE     AssertionError: assert 'Account Login' == 'Order History'\nE       \nE       - Order History\nE       + Account Login\n\nDemoPytest\\test_fixtures_1.py:29: AssertionError"}, "attachments": [{"name": "stdout", "source": "233d5f8d-eb5d-4156-8979-dd01a5e1a7a5-attachment.txt", "type": "text/plain"}], "start": 1710442258666, "stop": 1710442259430, "uuid": "b5d05dc4-058c-4baf-af55-6d38a2bf31f6", "historyId": "a1a892b62b06316176697393f7ba694a", "testCaseId": "a1a892b62b06316176697393f7ba694a", "fullName": "DemoPytest.test_fixtures_1#test1_order_history_title", "labels": [{"name": "parentSuite", "value": "DemoPytest"}, {"name": "suite", "value": "test_fixtures_1"}, {"name": "host", "value": "LAPTOP-U9R56RQR"}, {"name": "thread", "value": "15700-MainThread"}, {"name": "framework", "value": "pytest"}, {"name": "language", "value": "cpython3"}, {"name": "package", "value": "DemoPytest.test_fixtures_1"}]}