{"name": "test_divide_number", "status": "failed", "statusDetails": {"message": "AssertionError: assert 20 == (10 / 10)", "trace": "self = <DemoPytest.test_stop.Test_Math object at 0x000001481A129FA0>\n\n    def test_divide_number(self):\n      # Fail\n      num = 10\n      result = num + num\n>     assert result == num / num\nE     assert 20 == (10 / 10)\n\nDemoPytest\\test_stop.py:16: AssertionError"}, "start": 1710443392597, "stop": 1710443392598, "uuid": "4486278a-c9aa-473b-ae3d-e170248a0b56", "historyId": "945ea39b4754b9a3e0f9b2cb25891c74", "testCaseId": "945ea39b4754b9a3e0f9b2cb25891c74", "fullName": "DemoPytest.test_stop.Test_Math#test_divide_number", "labels": [{"name": "parentSuite", "value": "DemoPytest"}, {"name": "suite", "value": "test_stop"}, {"name": "subSuite", "value": "Test_Math"}, {"name": "host", "value": "LAPTOP-U9R56RQR"}, {"name": "thread", "value": "26916-MainThread"}, {"name": "framework", "value": "pytest"}, {"name": "language", "value": "cpython3"}, {"name": "package", "value": "DemoPytest.test_stop"}]}