{"name": "test1_order_history_title", "status": "failed", "statusDetails": {"message": "AssertionError: assert 'Account Login' == 'Order History'\n  \n  - Order History\n  + Account Login", "trace": "setup_teardown = None\n\n    def test1_order_history_title(setup_teardown):\n      driver.find_element(By.PARTIAL_LINK_TEXT,\n        \"Order\").click()\n>     assert driver.title == \"Order History\"\nE     AssertionError: assert 'Account Login' == 'Order History'\nE       \nE       - Order History\nE       + Account Login\n\nDemoPytest\\test_fixtures_1.py:29: AssertionError"}, "attachments": [{"name": "stdout", "source": "48764fea-ad42-4051-8a7c-d4b57eeb9140-attachment.txt", "type": "text/plain"}], "start": 1710442883816, "stop": 1710442884684, "uuid": "846f9135-83e3-4c9c-964f-1ee0378c8cfd", "historyId": "a1a892b62b06316176697393f7ba694a", "testCaseId": "a1a892b62b06316176697393f7ba694a", "fullName": "DemoPytest.test_fixtures_1#test1_order_history_title", "labels": [{"name": "parentSuite", "value": "DemoPytest"}, {"name": "suite", "value": "test_fixtures_1"}, {"name": "host", "value": "LAPTOP-U9R56RQR"}, {"name": "thread", "value": "25356-MainThread"}, {"name": "framework", "value": "pytest"}, {"name": "language", "value": "cpython3"}, {"name": "package", "value": "DemoPytest.test_fixtures_1"}]}