{"name": "test1_order_history_title", "status": "failed", "statusDetails": {"message": "AssertionError: assert 'Account Login' == 'Order History'\n  \n  - Order History\n  + Account Login", "trace": "@pytest.mark.usefixtures(\"setup_teardown\")\n    def test1_order_history_title():\n      driver.find_element(By.PARTIAL_LINK_TEXT,\n        \"Order\").click()\n>     assert driver.title == \"Order History\"\nE     AssertionError: assert 'Account Login' == 'Order History'\nE       \nE       - Order History\nE       + Account Login\n\nDemoPytest\\test_fixtures_2.py:30: AssertionError"}, "attachments": [{"name": "stdout", "source": "18aa214b-8ef3-499a-bfdd-beccc929db71-attachment.txt", "type": "text/plain"}], "start": 1710442891324, "stop": 1710442892094, "uuid": "46c8d441-fd1c-4bf0-ad6e-40de5a1c2289", "historyId": "bdad99c7c6487d0b27b4fc8d9ff723cf", "testCaseId": "bdad99c7c6487d0b27b4fc8d9ff723cf", "fullName": "DemoPytest.test_fixtures_2#test1_order_history_title", "labels": [{"name": "tag", "value": "@pytest.mark.usefixtures('setup_teardown')"}, {"name": "parentSuite", "value": "DemoPytest"}, {"name": "suite", "value": "test_fixtures_2"}, {"name": "host", "value": "LAPTOP-U9R56RQR"}, {"name": "thread", "value": "25356-MainThread"}, {"name": "framework", "value": "pytest"}, {"name": "language", "value": "cpython3"}, {"name": "package", "value": "DemoPytest.test_fixtures_2"}]}